0 info it worked if it ends with ok
1 verbose cli [ 'node', '/usr/local/bin/npm', 'install', 'grunt' ]
2 info using npm@2.5.1
3 info using node@v0.12.0
4 warn package.json web_display_app@1.0.0 No description
5 warn package.json web_display_app@1.0.0 No repository field.
6 warn package.json web_display_app@1.0.0 No README data
7 silly cache add args [ 'grunt', null ]
8 verbose cache add spec grunt
9 silly cache add parsed spec { raw: 'grunt',
9 silly cache add   scope: null,
9 silly cache add   name: 'grunt',
9 silly cache add   rawSpec: '',
9 silly cache add   spec: '*',
9 silly cache add   type: 'range' }
10 verbose addNamed grunt@*
11 silly addNamed semver.valid null
12 silly addNamed semver.validRange *
13 silly addNameRange { name: 'grunt', range: '*', hasData: false }
14 silly mapToRegistry name grunt
15 silly mapToRegistry using default registry
16 silly mapToRegistry registry https://registry.npmjs.org/
17 silly mapToRegistry uri https://registry.npmjs.org/grunt
18 verbose addNameRange registry:https://registry.npmjs.org/grunt not in flight; fetching
19 verbose request uri https://registry.npmjs.org/grunt
20 verbose request no auth needed
21 info attempt registry request try #1 at 11:35:09 AM
22 verbose request id f8543c319bb25424
23 verbose etag "CF40NI9IBX3OIZVXGE0YF3409"
24 http request GET https://registry.npmjs.org/grunt
25 http 200 https://registry.npmjs.org/grunt
26 silly get cb [ 200,
26 silly get   { date: 'Tue, 03 Mar 2015 06:04:52 GMT',
26 silly get     server: 'CouchDB/1.5.0 (Erlang OTP/R16B03)',
26 silly get     etag: '"9K89D8BS49649R44D4H39H3CT"',
26 silly get     'content-type': 'application/json',
26 silly get     'cache-control': 'max-age=60',
26 silly get     'content-length': '88513',
26 silly get     'accept-ranges': 'bytes',
26 silly get     via: '1.1 varnish',
26 silly get     age: '7',
26 silly get     'x-served-by': 'cache-lax1425-LAX',
26 silly get     'x-cache': 'HIT',
26 silly get     'x-cache-hits': '1',
26 silly get     'x-timer': 'S1425362692.420698,VS0,VE0',
26 silly get     vary: 'Accept',
26 silly get     'keep-alive': 'timeout=10, max=50',
26 silly get     connection: 'Keep-Alive' } ]
27 verbose get saving grunt to /Users/niketjain/.npm/registry.npmjs.org/grunt/.cache.json
28 silly addNameRange number 2 { name: 'grunt', range: '*', hasData: true }
29 silly addNameRange versions [ 'grunt',
29 silly addNameRange   [ '0.1.0',
29 silly addNameRange     '0.1.1',
29 silly addNameRange     '0.1.2',
29 silly addNameRange     '0.2.0',
29 silly addNameRange     '0.2.1',
29 silly addNameRange     '0.2.2',
29 silly addNameRange     '0.2.3',
29 silly addNameRange     '0.2.4',
29 silly addNameRange     '0.2.5',
29 silly addNameRange     '0.2.6',
29 silly addNameRange     '0.2.7',
29 silly addNameRange     '0.2.8',
29 silly addNameRange     '0.2.9',
29 silly addNameRange     '0.2.10',
29 silly addNameRange     '0.2.11',
29 silly addNameRange     '0.2.12',
29 silly addNameRange     '0.2.13',
29 silly addNameRange     '0.2.14',
29 silly addNameRange     '0.2.15',
29 silly addNameRange     '0.3.0',
29 silly addNameRange     '0.3.1',
29 silly addNameRange     '0.3.2',
29 silly addNameRange     '0.3.3',
29 silly addNameRange     '0.3.4',
29 silly addNameRange     '0.3.5',
29 silly addNameRange     '0.3.6',
29 silly addNameRange     '0.3.7',
29 silly addNameRange     '0.3.8',
29 silly addNameRange     '0.3.9',
29 silly addNameRange     '0.3.10',
29 silly addNameRange     '0.3.11',
29 silly addNameRange     '0.3.12',
29 silly addNameRange     '0.3.13',
29 silly addNameRange     '0.3.14',
29 silly addNameRange     '0.3.15',
29 silly addNameRange     '0.3.16',
29 silly addNameRange     '0.3.17',
29 silly addNameRange     '0.4.0',
29 silly addNameRange     '0.4.1',
29 silly addNameRange     '0.4.2',
29 silly addNameRange     '0.4.3',
29 silly addNameRange     '0.4.4',
29 silly addNameRange     '0.4.5',
29 silly addNameRange     '0.3.13-a',
29 silly addNameRange     '0.4.0-a',
29 silly addNameRange     '0.4.0-rc1',
29 silly addNameRange     '0.4.0-rc2',
29 silly addNameRange     '0.4.0-rc3',
29 silly addNameRange     '0.4.0-rc4',
29 silly addNameRange     '0.4.0-rc5',
29 silly addNameRange     '0.4.0-rc6',
29 silly addNameRange     '0.4.0-rc7',
29 silly addNameRange     '0.4.0-rc8' ] ]
30 verbose addNamed grunt@0.4.5
31 silly addNamed semver.valid 0.4.5
32 silly addNamed semver.validRange 0.4.5
33 silly cache afterAdd grunt@0.4.5
34 verbose afterAdd /Users/niketjain/.npm/grunt/0.4.5/package/package.json not in flight; writing
35 verbose afterAdd /Users/niketjain/.npm/grunt/0.4.5/package/package.json written
36 silly install resolved [ { name: 'grunt',
36 silly install resolved     description: 'The JavaScript Task Runner',
36 silly install resolved     version: '0.4.5',
36 silly install resolved     author: { name: '"Cowboy" Ben Alman', url: 'http://benalman.com/' },
36 silly install resolved     homepage: 'http://gruntjs.com/',
36 silly install resolved     repository: { type: 'git', url: 'git://github.com/gruntjs/grunt.git' },
36 silly install resolved     bugs: { url: 'http://github.com/gruntjs/grunt/issues' },
36 silly install resolved     licenses: [ [Object] ],
36 silly install resolved     main: 'lib/grunt',
36 silly install resolved     scripts: { test: 'grunt test' },
36 silly install resolved     engines: { node: '>= 0.8.0' },
36 silly install resolved     keywords:
36 silly install resolved      [ 'task',
36 silly install resolved        'async',
36 silly install resolved        'cli',
36 silly install resolved        'minify',
36 silly install resolved        'uglify',
36 silly install resolved        'build',
36 silly install resolved        'lodash',
36 silly install resolved        'unit',
36 silly install resolved        'test',
36 silly install resolved        'qunit',
36 silly install resolved        'nodeunit',
36 silly install resolved        'server',
36 silly install resolved        'init',
36 silly install resolved        'scaffold',
36 silly install resolved        'make',
36 silly install resolved        'jake',
36 silly install resolved        'tool' ],
36 silly install resolved     dependencies:
36 silly install resolved      { async: '~0.1.22',
36 silly install resolved        'coffee-script': '~1.3.3',
36 silly install resolved        colors: '~0.6.2',
36 silly install resolved        dateformat: '1.0.2-1.2.3',
36 silly install resolved        eventemitter2: '~0.4.13',
36 silly install resolved        'findup-sync': '~0.1.2',
36 silly install resolved        glob: '~3.1.21',
36 silly install resolved        hooker: '~0.2.3',
36 silly install resolved        'iconv-lite': '~0.2.11',
36 silly install resolved        minimatch: '~0.2.12',
36 silly install resolved        nopt: '~1.0.10',
36 silly install resolved        rimraf: '~2.2.8',
36 silly install resolved        lodash: '~0.9.2',
36 silly install resolved        'underscore.string': '~2.2.1',
36 silly install resolved        which: '~1.0.5',
36 silly install resolved        'js-yaml': '~2.0.5',
36 silly install resolved        exit: '~0.1.1',
36 silly install resolved        getobject: '~0.1.0',
36 silly install resolved        'grunt-legacy-util': '~0.2.0',
36 silly install resolved        'grunt-legacy-log': '~0.1.0' },
36 silly install resolved     devDependencies:
36 silly install resolved      { temporary: '~0.0.4',
36 silly install resolved        'grunt-contrib-jshint': '~0.6.4',
36 silly install resolved        'grunt-contrib-nodeunit': '~0.2.0',
36 silly install resolved        'grunt-contrib-watch': '~0.5.3',
36 silly install resolved        difflet: '~0.2.3',
36 silly install resolved        semver: '2.1.0',
36 silly install resolved        shelljs: '~0.2.5' },
36 silly install resolved     _id: 'grunt@0.4.5',
36 silly install resolved     dist:
36 silly install resolved      { shasum: '56937cd5194324adff6d207631832a9d6ba4e7f0',
36 silly install resolved        tarball: 'http://registry.npmjs.org/grunt/-/grunt-0.4.5.tgz' },
36 silly install resolved     _from: 'grunt@*',
36 silly install resolved     _npmVersion: '1.4.4',
36 silly install resolved     _npmUser: { name: 'cowboy', email: 'cowboy@rj3.net' },
36 silly install resolved     maintainers: [ [Object], [Object] ],
36 silly install resolved     directories: {},
36 silly install resolved     _shasum: '56937cd5194324adff6d207631832a9d6ba4e7f0',
36 silly install resolved     _resolved: 'https://registry.npmjs.org/grunt/-/grunt-0.4.5.tgz',
36 silly install resolved     readme: 'ERROR: No README data found!' } ]
37 info install grunt@0.4.5 into /Users/niketjain/Desktop/house 3d/cool-house
38 info installOne grunt@0.4.5
39 verbose installOne of grunt to /Users/niketjain/Desktop/house 3d/cool-house not in flight; installing
40 warn locking Error: EACCES, open '/Users/niketjain/.npm/_locks/grunt-e81a2dd9e11ab005.lock'
40 warn locking     at Error (native)
40 warn locking  /Users/niketjain/.npm/_locks/grunt-e81a2dd9e11ab005.lock failed { [Error: EACCES, open '/Users/niketjain/.npm/_locks/grunt-e81a2dd9e11ab005.lock']
40 warn locking   errno: -13,
40 warn locking   code: 'EACCES',
40 warn locking   path: '/Users/niketjain/.npm/_locks/grunt-e81a2dd9e11ab005.lock' }
41 verbose stack Error: Attempt to unlock /Users/niketjain/Desktop/house 3d/cool-house/node_modules/grunt, which hasn't been locked
41 verbose stack     at unlock (/usr/local/lib/node_modules/npm/lib/utils/locker.js:66:11)
41 verbose stack     at cb (/usr/local/lib/node_modules/npm/lib/install.js:929:5)
41 verbose stack     at /usr/local/lib/node_modules/npm/lib/install.js:933:20
41 verbose stack     at /usr/local/lib/node_modules/npm/lib/utils/locker.js:40:9
41 verbose stack     at cb (/usr/local/lib/node_modules/npm/node_modules/lockfile/lockfile.js:149:38)
41 verbose stack     at /usr/local/lib/node_modules/npm/node_modules/lockfile/lockfile.js:177:38
41 verbose stack     at FSReqWrap.oncomplete (fs.js:99:15)
42 verbose cwd /Users/niketjain/Desktop/house 3d/cool-house
43 error Darwin 13.3.0
44 error argv "node" "/usr/local/bin/npm" "install" "grunt"
45 error node v0.12.0
46 error npm  v2.5.1
47 error Attempt to unlock /Users/niketjain/Desktop/house 3d/cool-house/node_modules/grunt, which hasn't been locked
48 error If you need help, you may report this error at:
48 error     <http://github.com/npm/npm/issues>
49 verbose exit [ 1, true ]
